d:\users\jackren\documents\visual studio 2013\projects\imagedehaze\imagedehaze\x64\release\vc120.pdb
d:\users\jackren\documents\visual studio 2013\projects\imagedehaze\imagedehaze\x64\release\softmatting.obj
d:\users\jackren\documents\visual studio 2013\projects\imagedehaze\imagedehaze\x64\release\main.obj
d:\users\jackren\documents\visual studio 2013\projects\imagedehaze\imagedehaze\x64\release\guidedfilter.obj
d:\users\jackren\documents\visual studio 2013\projects\imagedehaze\imagedehaze\x64\release\dehazemodelxu.obj
d:\users\jackren\documents\visual studio 2013\projects\imagedehaze\imagedehaze\x64\release\dehazemodelrefine.obj
d:\users\jackren\documents\visual studio 2013\projects\imagedehaze\imagedehaze\x64\release\dehazemodelmine.obj
d:\users\jackren\documents\visual studio 2013\projects\imagedehaze\imagedehaze\x64\release\dehazemodelli.obj
d:\users\jackren\documents\visual studio 2013\projects\imagedehaze\imagedehaze\x64\release\dehazemodelhe.obj
d:\users\jackren\documents\visual studio 2013\projects\imagedehaze\imagedehaze\x64\release\dehazemodel.obj
d:\users\jackren\documents\visual studio 2013\projects\imagedehaze\imagedehaze\x64\release\bifilter.obj
d:\users\jackren\documents\visual studio 2013\projects\imagedehaze\imagedehaze\x64\release\forpaper.obj
d:\users\jackren\documents\visual studio 2013\projects\imagedehaze\x64\release\imagedehaze.exe
d:\users\jackren\documents\visual studio 2013\projects\imagedehaze\x64\release\imagedehaze.pdb
d:\users\jackren\documents\visual studio 2013\projects\imagedehaze\imagedehaze\x64\release\imagedehaze.tlog\cl.command.1.tlog
d:\users\jackren\documents\visual studio 2013\projects\imagedehaze\imagedehaze\x64\release\imagedehaze.tlog\cl.read.1.tlog
d:\users\jackren\documents\visual studio 2013\projects\imagedehaze\imagedehaze\x64\release\imagedehaze.tlog\cl.write.1.tlog
d:\users\jackren\documents\visual studio 2013\projects\imagedehaze\imagedehaze\x64\release\imagedehaze.tlog\link.command.1.tlog
d:\users\jackren\documents\visual studio 2013\projects\imagedehaze\imagedehaze\x64\release\imagedehaze.tlog\link.read.1.tlog
d:\users\jackren\documents\visual studio 2013\projects\imagedehaze\imagedehaze\x64\release\imagedehaze.tlog\link.write.1.tlog
