生成启动时间为 2017/6/4 21:26:00。
     1>项目“D:\Users\jackren\documents\visual studio 2013\Projects\ImageDehaze\ImageDehaze\ImageDehaze.vcxproj”在节点 2 上(Build 个目标)。
     1>ClCompile:
         D:\Program Files (x86)\Microsoft Visual Studio 12.0\VC\bin\x86_amd64\CL.exe /c /Zi /nologo /W3 /WX- /sdl /O2 /Oi /GL /D _MBCS /Gm- /EHsc /MD /GS /Gy /fp:precise /Zc:wchar_t /Zc:forScope /Fo"x64\Release\\" /Fd"x64\Release\vc120.pdb" /Gd /TP /errorReport:prompt main.cpp
         main.cpp
     1>D:\Program Files (x86)\opencv-3.1.0\opencv\build\include\opencv2/core/mat.hpp(1965): warning C4819: 该文件包含不能在当前代码页(936)中表示的字符。请将该文件保存为 Unicode 格式以防止数据丢失
     1>D:\Program Files (x86)\opencv-3.1.0\opencv\build\include\opencv2/core/persistence.hpp : warning C4819: 该文件包含不能在当前代码页(936)中表示的字符。请将该文件保存为 Unicode 格式以防止数据丢失
     1>D:\Program Files (x86)\opencv-3.1.0\opencv\build\include\opencv2/core/utility.hpp : warning C4819: 该文件包含不能在当前代码页(936)中表示的字符。请将该文件保存为 Unicode 格式以防止数据丢失
     1>d:\users\jackren\documents\visual studio 2013\projects\imagedehaze\imagedehaze\forPaper.h(12): warning C4584: “ForPaper”: 基类“DeHazeModelLi”已是“DeHazeModelRefine”的基类
                 d:\users\jackren\documents\visual studio 2013\projects\imagedehaze\imagedehaze\DeHazeModelLi.h(8) : 参见“DeHazeModelLi”的声明
                 d:\users\jackren\documents\visual studio 2013\projects\imagedehaze\imagedehaze\DeHazeModelRefine.h(10) : 参见“DeHazeModelRefine”的声明
     1>d:\users\jackren\documents\visual studio 2013\projects\imagedehaze\imagedehaze\forPaper.h(21): warning C4250: “ForPaper”: 通过域控制继承“DeHazeModelRefine::DeHazeModelRefine::showImage”
                 d:\users\jackren\documents\visual studio 2013\projects\imagedehaze\imagedehaze\DeHazeModelRefine.h(24) : 参见“DeHazeModelRefine::showImage”的声明
       Link:
         D:\Program Files (x86)\Microsoft Visual Studio 12.0\VC\bin\x86_amd64\link.exe /ERRORREPORT:PROMPT /OUT:"D:\users\jackren\documents\visual studio 2013\Projects\ImageDehaze\x64\Release\ImageDehaze.exe" /NOLOGO opencv_world310.lib blas_win64_MT.lib lapack_win64_MT.lib kernel32.lib user32.lib gdi32.lib winspool.lib comdlg32.lib advapi32.lib shell32.lib ole32.lib oleaut32.lib uuid.lib odbc32.lib odbccp32.lib /MANIFEST /MANIFESTUAC:"level='asInvoker' uiAccess='false'" /manifest:embed /DEBUG /PDB:"D:\users\jackren\documents\visual studio 2013\Projects\ImageDehaze\x64\Release\ImageDehaze.pdb" /OPT:REF /OPT:ICF /LTCG /TLBID:1 /DYNAMICBASE /NXCOMPAT /IMPLIB:"D:\users\jackren\documents\visual studio 2013\Projects\ImageDehaze\x64\Release\ImageDehaze.lib" /MACHINE:X64 x64\Release\BiFilter.obj
         x64\Release\DehazeModel.obj
         x64\Release\DeHazeModelHe.obj
         x64\Release\DeHazeModelLi.obj
         x64\Release\DeHazeModelMine.obj
         x64\Release\DeHazeModelRefine.obj
         x64\Release\DeHazeModelXu.obj
         x64\Release\forPaper.obj
         x64\Release\guidedfilter.obj
         x64\Release\main.obj
         x64\Release\SoftMatting.obj
         正在生成代码
         已完成代码的生成
         ImageDehaze.vcxproj -> D:\users\jackren\documents\visual studio 2013\Projects\ImageDehaze\x64\Release\ImageDehaze.exe
     1>已完成生成项目“D:\Users\jackren\documents\visual studio 2013\Projects\ImageDehaze\ImageDehaze\ImageDehaze.vcxproj”(Build 个目标)的操作。

生成成功。

已用时间 00:00:03.47
