d:\users\jackren\documents\visual studio 2013\projects\imagedehaze\imagedehaze\x64\debug\vc120.pdb
d:\users\jackren\documents\visual studio 2013\projects\imagedehaze\imagedehaze\x64\debug\vc120.idb
d:\users\jackren\documents\visual studio 2013\projects\imagedehaze\imagedehaze\x64\debug\bifilter.obj
d:\users\jackren\documents\visual studio 2013\projects\imagedehaze\imagedehaze\x64\debug\dehazemodel.obj
d:\users\jackren\documents\visual studio 2013\projects\imagedehaze\imagedehaze\x64\debug\dehazemodelhe.obj
d:\users\jackren\documents\visual studio 2013\projects\imagedehaze\imagedehaze\x64\debug\dehazemodelli.obj
d:\users\jackren\documents\visual studio 2013\projects\imagedehaze\imagedehaze\x64\debug\dehazemodelmine.obj
d:\users\jackren\documents\visual studio 2013\projects\imagedehaze\imagedehaze\x64\debug\dehazemodelrefine.obj
d:\users\jackren\documents\visual studio 2013\projects\imagedehaze\imagedehaze\x64\debug\dehazemodelxu.obj
d:\users\jackren\documents\visual studio 2013\projects\imagedehaze\imagedehaze\x64\debug\guidedfilter.obj
d:\users\jackren\documents\visual studio 2013\projects\imagedehaze\imagedehaze\x64\debug\main.obj
d:\users\jackren\documents\visual studio 2013\projects\imagedehaze\imagedehaze\x64\debug\softmatting.obj
d:\users\jackren\documents\visual studio 2013\projects\imagedehaze\x64\debug\imagedehaze.ilk
d:\users\jackren\documents\visual studio 2013\projects\imagedehaze\x64\debug\imagedehaze.exe
d:\users\jackren\documents\visual studio 2013\projects\imagedehaze\x64\debug\imagedehaze.pdb
d:\users\jackren\documents\visual studio 2013\projects\imagedehaze\imagedehaze\x64\debug\imagedehaze.tlog\cl.command.1.tlog
d:\users\jackren\documents\visual studio 2013\projects\imagedehaze\imagedehaze\x64\debug\imagedehaze.tlog\cl.read.1.tlog
d:\users\jackren\documents\visual studio 2013\projects\imagedehaze\imagedehaze\x64\debug\imagedehaze.tlog\cl.write.1.tlog
d:\users\jackren\documents\visual studio 2013\projects\imagedehaze\imagedehaze\x64\debug\imagedehaze.tlog\link.command.1.tlog
d:\users\jackren\documents\visual studio 2013\projects\imagedehaze\imagedehaze\x64\debug\imagedehaze.tlog\link.read.1.tlog
d:\users\jackren\documents\visual studio 2013\projects\imagedehaze\imagedehaze\x64\debug\imagedehaze.tlog\link.write.1.tlog
