生成启动时间为 2017/5/22 20:22:17。
     1>项目“D:\Users\jackren\documents\visual studio 2013\Projects\ImageDehaze\ImageDehaze\ImageDehaze.vcxproj”在节点 2 上(Build 个目标)。
     1>ClCompile:
         D:\Program Files (x86)\Microsoft Visual Studio 12.0\VC\bin\x86_amd64\CL.exe /c /Zi /nologo /W3 /WX- /sdl /Od /D _MBCS /Gm /EHsc /RTC1 /MDd /GS /fp:precise /Zc:wchar_t /Zc:forScope /Fo"x64\Debug\\" /Fd"x64\Debug\vc120.pdb" /Gd /TP /errorReport:prompt forPaper.cpp
         forPaper.cpp
     1>D:\Program Files (x86)\opencv-3.1.0\opencv\build\include\opencv2/core/mat.hpp(1965): warning C4819: 该文件包含不能在当前代码页(936)中表示的字符。请将该文件保存为 Unicode 格式以防止数据丢失
     1>D:\Program Files (x86)\opencv-3.1.0\opencv\build\include\opencv2/core/persistence.hpp : warning C4819: 该文件包含不能在当前代码页(936)中表示的字符。请将该文件保存为 Unicode 格式以防止数据丢失
     1>D:\Program Files (x86)\opencv-3.1.0\opencv\build\include\opencv2/core/utility.hpp : warning C4819: 该文件包含不能在当前代码页(936)中表示的字符。请将该文件保存为 Unicode 格式以防止数据丢失
     1>d:\users\jackren\documents\visual studio 2013\projects\imagedehaze\imagedehaze\forPaper.h(12): warning C4584: “ForPaper”: 基类“DeHazeModelLi”已是“DeHazeModelRefine”的基类
                 d:\users\jackren\documents\visual studio 2013\projects\imagedehaze\imagedehaze\DeHazeModelLi.h(8) : 参见“DeHazeModelLi”的声明
                 d:\users\jackren\documents\visual studio 2013\projects\imagedehaze\imagedehaze\DeHazeModelRefine.h(10) : 参见“DeHazeModelRefine”的声明
     1>d:\users\jackren\documents\visual studio 2013\projects\imagedehaze\imagedehaze\forPaper.h(19): warning C4250: “ForPaper”: 通过域控制继承“DeHazeModelRefine::DeHazeModelRefine::showImage”
                 d:\users\jackren\documents\visual studio 2013\projects\imagedehaze\imagedehaze\DeHazeModelRefine.h(23) : 参见“DeHazeModelRefine::showImage”的声明
     1>forPaper.cpp(120): warning C4267: “=”: 从“size_t”转换到“int”，可能丢失数据
       Link:
         D:\Program Files (x86)\Microsoft Visual Studio 12.0\VC\bin\x86_amd64\link.exe /ERRORREPORT:PROMPT /OUT:"D:\users\jackren\documents\visual studio 2013\Projects\ImageDehaze\x64\Debug\ImageDehaze.exe" /INCREMENTAL /NOLOGO opencv_world310d.lib blas_win64_MT.lib lapack_win64_MT.lib kernel32.lib user32.lib gdi32.lib winspool.lib comdlg32.lib advapi32.lib shell32.lib ole32.lib oleaut32.lib uuid.lib odbc32.lib odbccp32.lib /MANIFEST /MANIFESTUAC:"level='asInvoker' uiAccess='false'" /manifest:embed /DEBUG /PDB:"D:\users\jackren\documents\visual studio 2013\Projects\ImageDehaze\x64\Debug\ImageDehaze.pdb" /TLBID:1 /DYNAMICBASE /NXCOMPAT /IMPLIB:"D:\users\jackren\documents\visual studio 2013\Projects\ImageDehaze\x64\Debug\ImageDehaze.lib" /MACHINE:X64 x64\Debug\BiFilter.obj
         x64\Debug\DehazeModel.obj
         x64\Debug\DeHazeModelHe.obj
         x64\Debug\DeHazeModelLi.obj
         x64\Debug\DeHazeModelMine.obj
         x64\Debug\DeHazeModelRefine.obj
         x64\Debug\DeHazeModelXu.obj
         x64\Debug\forPaper.obj
         x64\Debug\guidedfilter.obj
         x64\Debug\main.obj
         x64\Debug\SoftMatting.obj
         ImageDehaze.vcxproj -> D:\users\jackren\documents\visual studio 2013\Projects\ImageDehaze\x64\Debug\ImageDehaze.exe
     1>已完成生成项目“D:\Users\jackren\documents\visual studio 2013\Projects\ImageDehaze\ImageDehaze\ImageDehaze.vcxproj”(Build 个目标)的操作。

生成成功。

已用时间 00:00:01.51
